<?xml version="1.0" encoding="UTF-8"?>
<!-- Generated by org.testng.reporters.JUnitReportReporter -->
<testsuite hostname="DESKTOP-HCMDDC7" failures="0" tests="1" name="TestCases.LMSToolActivation" time="44.196" errors="0" timestamp="2023-12-04T20:17:51 BDT" skipped="0">
  <testcase classname="TestCases.LMSToolActivation" name="Addons" time="44.196"/>
  <system-out/>
</testsuite> <!-- TestCases.LMSToolActivation -->
