<?xml version="1.0" encoding="UTF-8"?>
<!-- Generated by org.testng.reporters.JUnitReportReporter -->
<testsuite hostname="DESKTOP-HCMDDC7" failures="0" tests="1" name="TestCases.WordPressLoginToDashbord" time="21.239" errors="0" timestamp="2023-11-28T17:00:58 BDT" skipped="0">
  <testcase classname="TestCases.WordPressLoginToDashbord" name="WPlogin" time="21.239"/>
  <system-out/>
</testsuite> <!-- TestCases.WordPressLoginToDashbord -->
