<?xml version="1.0" encoding="UTF-8"?>
<!-- Generated by org.testng.reporters.JUnitReportReporter -->
<testsuite hostname="DESKTOP-HCMDDC7" failures="0" tests="1" name="TestCases.PluginActivation" time="53.913" errors="0" timestamp="2023-12-04T20:17:51 BDT" skipped="0">
  <testcase classname="TestCases.PluginActivation" name="InstallToActivate" time="53.913"/>
  <system-out/>
</testsuite> <!-- TestCases.PluginActivation -->
